1588259924474	mozrunner::runner	INFO	Running command: "C:\\Program Files\\Mozilla Firefox\\firefox.exe" "-marionette" "-foreground" "-no-remote" "-profile" "C:\\Users\\Zheka\\AppData\\Local\\Temp\\rust_mozprofileZyP0wn"
1588259924868	addons.webextension.doh-rollout@mozilla.org	WARN	Loading extension 'doh-rollout@mozilla.org': Reading manifest: Invalid extension permission: networkStatus
1588259925326	addons.webextension.screenshots@mozilla.org	WARN	Loading extension 'screenshots@mozilla.org': Reading manifest: Invalid extension permission: mozillaAddons
1588259925327	addons.webextension.screenshots@mozilla.org	WARN	Loading extension 'screenshots@mozilla.org': Reading manifest: Invalid extension permission: telemetry
1588259925327	addons.webextension.screenshots@mozilla.org	WARN	Loading extension 'screenshots@mozilla.org': Reading manifest: Invalid extension permission: resource://pdf.js/
1588259925327	addons.webextension.screenshots@mozilla.org	WARN	Loading extension 'screenshots@mozilla.org': Reading manifest: Invalid extension permission: about:reader*
JavaScript error: resource://gre/modules/XULStore.jsm, line 66: Error: Can't find profile directory.
1588259927201	Marionette	INFO	Listening on port 57644
1588259927586	Marionette	WARN	TLS certificate errors will be ignored for this session
1588259933590	Marionette	INFO	Stopped listening on port 57644

###!!! [Child][RunMessage] Error: Channel closing: too late to send/recv, messages will be lost


###!!! [Child][MessageChannel::SendAndWait] Error: Channel error: cannot send/recv

1588291574577	mozrunner::runner	INFO	Running command: "C:\\Program Files\\Mozilla Firefox\\firefox.exe" "-marionette" "-foreground" "-no-remote" "-profile" "C:\\Users\\Zheka\\AppData\\Local\\Temp\\rust_mozprofileJKIFaj"
1588291575467	addons.webextension.doh-rollout@mozilla.org	WARN	Loading extension 'doh-rollout@mozilla.org': Reading manifest: Invalid extension permission: networkStatus
1588291575916	addons.webextension.screenshots@mozilla.org	WARN	Loading extension 'screenshots@mozilla.org': Reading manifest: Invalid extension permission: mozillaAddons
1588291575916	addons.webextension.screenshots@mozilla.org	WARN	Loading extension 'screenshots@mozilla.org': Reading manifest: Invalid extension permission: telemetry
1588291575917	addons.webextension.screenshots@mozilla.org	WARN	Loading extension 'screenshots@mozilla.org': Reading manifest: Invalid extension permission: resource://pdf.js/
1588291575917	addons.webextension.screenshots@mozilla.org	WARN	Loading extension 'screenshots@mozilla.org': Reading manifest: Invalid extension permission: about:reader*
JavaScript error: resource://gre/modules/XULStore.jsm, line 66: Error: Can't find profile directory.
1588291577835	Marionette	INFO	Listening on port 58211
1588291578225	Marionette	WARN	TLS certificate errors will be ignored for this session
console.warn: LoginRecipes: "getRecipes: falling back to a synchronous message for:" "https://edu.vvsu.ru"
1588292965310	Marionette	INFO	Stopped listening on port 58211

###!!! [Child][RunMessage] Error: Channel closing: too late to send/recv, messages will be lost


###!!! [Child][MessageChannel::SendAndWait] Error: Channel error: cannot send/recv

n.doh-rollout@mozilla.org	WARN	Loading extension 'doh-rollout@mozilla.org': Reading manifest: Invalid extension permission: networkStatus
1588292042113	addons.webextension.screenshots@mozilla.org	WARN	Loading extension 'screenshots@mozilla.org': Reading manifest: Invalid extension permission: mozillaAddons
1588292042113	addons.webextension.screenshots@mozilla.org	WARN	Loading extension 'screenshots@mozilla.org': Reading manifest: Invalid extension permission: telemetry
1588292042113	addons.webextension.screenshots@mozilla.org	WARN	Loading extension 'screenshots@mozilla.org': Reading manifest: Invalid extension permission: resource://pdf.js/
1588292042113	addons.webextension.screenshots@mozilla.org	WARN	Loading extension 'screenshots@mozilla.org': Reading manifest: Invalid extension permission: about:reader*
JavaScript error: resource://gre/modules/XULStore.jsm, line 66: Error: Can't find profile directory.
1588292043860	Marionette	INFO	Listening on port 58409
1588292043956	Marionette	WARN	TLS certificate errors will be ignored for this session
JavaScript error: resource://gre/actors/AutoCompleteChild.jsm, line 196: Error: Invalid autocomplete selectedIndex
JavaScript error: resource://gre/actors/AutoCompleteChild.jsm, line 196: Error: Invalid autocomplete selectedIndex
JavaScript error: resource://gre/modules/LoginManagerChild.jsm, line 174: NS_ERROR_XPC_JAVASCRIPT_ERROR_WITH_DETAILS: [JavaScript Error: "Invalid autocomplete selectedIndex" {file: "resource://gre/actors/AutoCompleteChild.jsm" line: 196}]'[JavaScript Error: "Invalid autocomplete selectedIndex" {file: "resource://gre/actors/AutoCompleteChild.jsm" line: 196}]' when calling method: [nsIAutoCompletePopup::selectedIndex]
1588292051399	Marionette	INFO	Stopped listening on port 58409

###!!! [Child][RunMessage] Error: Channel closing: too late to send/recv, messages will be lost


###!!! [Child][MessageChannel::SendAndWait] Error: Channel error: cannot send/recv

1588292221358	mozrunner::runner	INFO	Running command: "C:\\Program Files\\Mozilla Firefox\\firefox.exe" "-marionette" "-foreground" "-no-remote" "-profile" "C:\\Users\\Zheka\\AppData\\Local\\Temp\\rust_mozprofilex2R77v"
1588292221716	addons.webextension.doh-rollout@mozilla.org	WARN	Loading extension 'doh-rollout@mozilla.org': Reading manifest: Invalid extension permission: networkStatus
1588292222150	addons.webextension.screenshots@mozilla.org	WARN	Loading extension 'screenshots@mozilla.org': Reading manifest: Invalid extension permission: mozillaAddons
1588292222150	addons.webextension.screenshots@mozilla.org	WARN	Loading extension 'screenshots@mozilla.org': Reading manifest: Invalid extension permission: telemetry
1588292222150	addons.webextension.screenshots@mozilla.org	WARN	Loading extension 'screenshots@mozilla.org': Reading manifest: Invalid extension permission: resource://pdf.js/
1588292222150	addons.webextension.screenshots@mozilla.org	WARN	Loading extension 'screenshots@mozilla.org': Reading manifest: Invalid extension permission: about:reader*
JavaScript error: resource://gre/modules/XULStore.jsm, line 66: Error: Can't find profile directory.
1588292223913	Marionette	INFO	Listening on port 58484
1588292223980	Marionette	WARN	TLS certificate errors will be ignored for this session
1588292494160	mozrunner::runner	INFO	Running command: "C:\\Program Files\\Mozilla Firefox\\firefox.exe" "-marionette" "-foreground" "-no-remote" "-profile" "C:\\Users\\Zheka\\AppData\\Local\\Temp\\rust_mozprofileAhp0NI"
1588292494551	addons.webextension.doh-rollout@mozilla.org	WARN	Loading extension 'doh-rollout@mozilla.org': Reading manifest: Invalid extension permission: networkStatus
1588292494986	addons.webextension.screenshots@mozilla.org	WARN	Loading extension 'screenshots@mozilla.org': Reading manifest: Invalid extension permission: mozillaAddons
1588292494986	addons.webextension.screenshots@mozilla.org	WARN	Loading extension 'screenshots@mozilla.org': Reading manifest: Invalid extension permission: telemetry
1588292494986	addons.webextension.screenshots@mozilla.org	WARN	Loading extension 'screenshots@mozilla.org': Reading manifest: Invalid extension permission: resource://pdf.js/
1588292494986	addons.webextension.screenshots@mozilla.org	WARN	Loading extension 'screenshots@mozilla.org': Reading manifest: Invalid extension permission: about:reader*
JavaScript error: resource://gre/modules/XULStore.jsm, line 66: Error: Can't find profile directory.
1588292496565	Marionette	INFO	Listening on port 58621
1588292496773	Marionette	WARN	TLS certificate errors will be ignored for this session
JavaScript error: https://edu.vvsu.ru/my/, line 562: TypeError: document.body.querySelector(...) is null
1588297986783	Marionette	INFO	Stopped listening on port 58621

###!!! [Child][RunMessage] Error: Channel closing: too late to send/recv, messages will be lost


###!!! [Child][MessageChannel::SendAndWait] Error: Channel error: cannot send/recv

1588299100487	mozrunner::runner	INFO	Running command: "C:\\Program Files\\Mozilla Firefox\\firefox.exe" "-marionette" "-foreground" "-no-remote" "-profile" "C:\\Users\\Zheka\\AppData\\Local\\Temp\\rust_mozprofileIVW5DC"
1588299100870	addons.webextension.doh-rollout@mozilla.org	WARN	Loading extension 'doh-rollout@mozilla.org': Reading manifest: Invalid extension permission: networkStatus
1588299101307	addons.webextension.screenshots@mozilla.org	WARN	Loading extension 'screenshots@mozilla.org': Reading manifest: Invalid extension permission: mozillaAddons
1588299101307	addons.webextension.screenshots@mozilla.org	WARN	Loading extension 'screenshots@mozilla.org': Reading manifest: Invalid extension permission: telemetry
1588299101308	addons.webextension.screenshots@mozilla.org	WARN	Loading extension 'screenshots@mozilla.org': Reading manifest: Invalid extension permission: resource://pdf.js/
1588299101308	addons.webextension.screenshots@mozilla.org	WARN	Loading extension 'screenshots@mozilla.org': Reading manifest: Invalid extension permission: about:reader*
JavaScript error: resource://gre/modules/XULStore.jsm, line 66: Error: Can't find profile directory.
1588299103025	Marionette	INFO	Listening on port 59575
1588299103099	Marionette	WARN	TLS certificate errors will be ignored for this session
JavaScript error: https://edu.vvsu.ru/my/, line 562: TypeError: document.body.querySelector(...) is null
JavaScript error: https://edu.vvsu.ru/my/, line 562: TypeError: document.body.querySelector(...) is null
JavaScript error: https://edu.vvsu.ru/my/, line 562: TypeError: document.body.querySelector(...) is null
JavaScript error: https://edu.vvsu.ru/my/, line 562: TypeError: document.body.querySelector(...) is null
1588300204759	Marionette	INFO	Stopped listening on port 59575

###!!! [Child][MessageChannel::SendAndWait] Error: Channel error: cannot send/recv

1588322643220	mozrunner::runner	INFO	Running command: "C:\\Program Files\\Mozilla Firefox\\firefox.exe" "-marionette" "-foreground" "-no-remote" "-profile" "C:\\Users\\Zheka\\AppData\\Local\\Temp\\rust_mozprofileyVWhbm"
1588322644230	addons.webextension.doh-rollout@mozilla.org	WARN	Loading extension 'doh-rollout@mozilla.org': Reading manifest: Invalid extension permission: networkStatus
1588322644673	addons.webextension.screenshots@mozilla.org	WARN	Loading extension 'screenshots@mozilla.org': Reading manifest: Invalid extension permission: mozillaAddons
1588322644673	addons.webextension.screenshots@mozilla.org	WARN	Loading extension 'screenshots@mozilla.org': Reading manifest: Invalid extension permission: telemetry
1588322644673	addons.webextension.screenshots@mozilla.org	WARN	Loading extension 'screenshots@mozilla.org': Reading manifest: Invalid extension permission: resource://pdf.js/
1588322644673	addons.webextension.screenshots@mozilla.org	WARN	Loading extension 'screenshots@mozilla.org': Reading manifest: Invalid extension permission: about:reader*
JavaScript error: resource://gre/modules/XULStore.jsm, line 66: Error: Can't find profile directory.
1588322646483	Marionette	INFO	Listening on port 60467
1588322646849	Marionette	WARN	TLS certificate errors will be ignored for this session
JavaScript error: https://edu.vvsu.ru/my/, line 562: TypeError: document.body.querySelector(...) is null
1588323462347	Marionette	INFO	Stopped listening on port 60467

###!!! [Child][RunMessage] Error: Channel closing: too late to send/recv, messages will be lost


###!!! [Child][MessageChannel::SendAndWait] Error: Channel error: cannot send/recv

n.doh-rollout@mozilla.org	WARN	Loading extension 'doh-rollout@mozilla.org': Reading manifest: Invalid extension permission: networkStatus
1588323429284	addons.webextension.screenshots@mozilla.org	WARN	Loading extension 'screenshots@mozilla.org': Reading manifest: Invalid extension permission: mozillaAddons
1588323429285	addons.webextension.screenshots@mozilla.org	WARN	Loading extension 'screenshots@mozilla.org': Reading manifest: Invalid extension permission: telemetry
1588323429285	addons.webextension.screenshots@mozilla.org	WARN	Loading extension 'screenshots@mozilla.org': Reading manifest: Invalid extension permission: resource://pdf.js/
1588323429285	addons.webextension.screenshots@mozilla.org	WARN	Loading extension 'screenshots@mozilla.org': Reading manifest: Invalid extension permission: about:reader*
JavaScript error: resource://gre/modules/XULStore.jsm, line 66: Error: Can't find profile directory.
1588323431122	Marionette	INFO	Listening on port 60668
1588323431597	Marionette	WARN	TLS certificate errors will be ignored for this session
JavaScript error: https://edu.vvsu.ru/my/, line 562: TypeError: document.body.querySelector(...) is null
1588323459791	Marionette	INFO	Stopped listening on port 60668

###!!! [Child][RunMessage] Error: Channel closing: too late to send/recv, messages will be lost


###!!! [Child][MessageChannel::SendAndWait] Error: Channel error: cannot send/recv

1588344780546	mozrunner::runner	INFO	Running command: "C:\\Program Files\\Mozilla Firefox\\firefox.exe" "-marionette" "-foreground" "-no-remote" "-profile" "C:\\Users\\Zheka\\AppData\\Local\\Temp\\rust_mozprofile8ya7ki"
1588344781127	addons.webextension.doh-rollout@mozilla.org	WARN	Loading extension 'doh-rollout@mozilla.org': Reading manifest: Invalid extension permission: networkStatus
1588344781572	addons.webextension.screenshots@mozilla.org	WARN	Loading extension 'screenshots@mozilla.org': Reading manifest: Invalid extension permission: mozillaAddons
1588344781572	addons.webextension.screenshots@mozilla.org	WARN	Loading extension 'screenshots@mozilla.org': Reading manifest: Invalid extension permission: telemetry
1588344781572	addons.webextension.screenshots@mozilla.org	WARN	Loading extension 'screenshots@mozilla.org': Reading manifest: Invalid extension permission: resource://pdf.js/
1588344781572	addons.webextension.screenshots@mozilla.org	WARN	Loading extension 'screenshots@mozilla.org': Reading manifest: Invalid extension permission: about:reader*
JavaScript error: resource://gre/modules/XULStore.jsm, line 66: Error: Can't find profile directory.
1588344783321	Marionette	INFO	Listening on port 63036
1588344783675	Marionette	WARN	TLS certificate errors will be ignored for this session
JavaScript error: https://edu.vvsu.ru/my/, line 562: TypeError: document.body.querySelector(...) is null
1588344898221	Marionette	INFO	Stopped listening on port 63036

###!!! [Child][RunMessage] Error: Channel closing: too late to send/recv, messages will be lost


###!!! [Child][MessageChannel::SendAndWait] Error: Channel error: cannot send/recv

1588345084570	mozrunner::runner	INFO	Running command: "C:\\Program Files\\Mozilla Firefox\\firefox.exe" "-marionette" "-foreground" "-no-remote" "-profile" "C:\\Users\\Zheka\\AppData\\Local\\Temp\\rust_mozprofile62EzhT"
1588345084945	addons.webextension.doh-rollout@mozilla.org	WARN	Loading extension 'doh-rollout@mozilla.org': Reading manifest: Invalid extension permission: networkStatus
1588345085389	addons.webextension.screenshots@mozilla.org	WARN	Loading extension 'screenshots@mozilla.org': Reading manifest: Invalid extension permission: mozillaAddons
1588345085389	addons.webextension.screenshots@mozilla.org	WARN	Loading extension 'screenshots@mozilla.org': Reading manifest: Invalid extension permission: telemetry
1588345085389	addons.webextension.screenshots@mozilla.org	WARN	Loading extension 'screenshots@mozilla.org': Reading manifest: Invalid extension permission: resource://pdf.js/
1588345085389	addons.webextension.screenshots@mozilla.org	WARN	Loading extension 'screenshots@mozilla.org': Reading manifest: Invalid extension permission: about:reader*
JavaScript error: resource://gre/modules/XULStore.jsm, line 66: Error: Can't find profile directory.
1588345086960	Marionette	INFO	Listening on port 63155
1588345087183	Marionette	WARN	TLS certificate errors will be ignored for this session
JavaScript error: https://edu.vvsu.ru/my/, line 562: TypeError: document.body.querySelector(...) is null
JavaScript error: https://edu.vvsu.ru/my/, line 562: TypeError: document.body.querySelector(...) is null
JavaScript error: https://edu.vvsu.ru/lib/javascript.php/1588279842/lib/requirejs/require.min.js, line 1: Error: Script error for "core/first"
http://requirejs.org/docs/errors.html#scripterror
JavaScript error: https://edu.vvsu.ru/lib/javascript.php/1588279842/lib/requirejs/require.min.js, line 1: Error: Script error for "core/event"
http://requirejs.org/docs/errors.html#scripterror
JavaScript error: https://edu.vvsu.ru/my/, line 562: TypeError: document.body.querySelector(...) is null
JavaScript error: https://edu.vvsu.ru/lib/javascript.php/1588279842/lib/requirejs/require.min.js, line 1: Error: Script error for "core/first"
http://requirejs.org/docs/errors.html#scripterror
JavaScript error: https://edu.vvsu.ru/lib/javascript.php/1588279842/lib/requirejs/require.min.js, line 1: Error: Script error for "core/event"
http://requirejs.org/docs/errors.html#scripterror
JavaScript error: https://edu.vvsu.ru/my/, line 562: TypeError: document.body.querySelector(...) is null
JavaScript error: https://edu.vvsu.ru/lib/javascript.php/1588279842/lib/requirejs/require.min.js, line 1: Error: Script error for "core/first"
http://requirejs.org/docs/errors.html#scripterror
JavaScript error: https://edu.vvsu.ru/lib/javascript.php/1588279842/lib/requirejs/require.min.js, line 1: Error: Script error for "core/event"
http://requirejs.org/docs/errors.html#scripterror
JavaScript error: https://edu.vvsu.ru/my/, line 562: TypeError: document.body.querySelector(...) is null
JavaScript error: https://edu.vvsu.ru/lib/javascript.php/1588279842/lib/requirejs/require.min.js, line 1: Error: Script error for "core/first"
http://requirejs.org/docs/errors.html#scripterror
JavaScript error: https://edu.vvsu.ru/lib/javascript.php/1588279842/lib/requirejs/require.min.js, line 1: Error: Script error for "core/event"
http://requirejs.org/docs/errors.html#scripterror
JavaScript error: https://edu.vvsu.ru/my/, line 562: TypeError: document.body.querySelector(...) is null
JavaScript error: https://edu.vvsu.ru/lib/javascript.php/1588279842/lib/requirejs/require.min.js, line 1: Error: Script error for "core/first"
http://requirejs.org/docs/errors.html#scripterror
JavaScript error: https://edu.vvsu.ru/lib/javascript.php/1588279842/lib/requirejs/require.min.js, line 1: Error: Script error for "core/event"
http://requirejs.org/docs/errors.html#scripterror
JavaScript error: https://edu.vvsu.ru/my/, line 562: TypeError: document.body.querySelector(...) is null
JavaScript error: https://edu.vvsu.ru/lib/javascript.php/1588279842/lib/requirejs/require.min.js, line 1: Error: Script error for "core/first"
http://requirejs.org/docs/errors.html#scripterror
JavaScript error: https://edu.vvsu.ru/lib/javascript.php/1588279842/lib/requirejs/require.min.js, line 1: Error: Script error for "core/event"
http://requirejs.org/docs/errors.html#scripterror
1588345338555	mozrunner::runner	INFO	Running command: "C:\\Program Files\\Mozilla Firefox\\firefox.exe" "-marionette" "-foreground" "-no-remote" "-profile" "C:\\Users\\Zheka\\AppData\\Local\\Temp\\rust_mozprofilepxjWXB"
1588345338936	addons.webextension.doh-rollout@mozilla.org	WARN	Loading extension 'doh-rollout@mozilla.org': Reading manifest: Invalid extension permission: networkStatus
1588345339388	addons.webextension.screenshots@mozilla.org	WARN	Loading extension 'screenshots@mozilla.org': Reading manifest: Invalid extension permission: mozillaAddons
1588345339388	addons.webextension.screenshots@mozilla.org	WARN	Loading extension 'screenshots@mozilla.org': Reading manifest: Invalid extension permission: telemetry
1588345339388	addons.webextension.screenshots@mozilla.org	WARN	Loading extension 'screenshots@mozilla.org': Reading manifest: Invalid extension permission: resource://pdf.js/
1588345339388	addons.webextension.screenshots@mozilla.org	WARN	Loading extension 'screenshots@mozilla.org': Reading manifest: Invalid extension permission: about:reader*
JavaScript error: resource://gre/modules/XULStore.jsm, line 66: Error: Can't find profile directory.
1588345340940	Marionette	INFO	Listening on port 63324
1588345341168	Marionette	WARN	TLS certificate errors will be ignored for this session
JavaScript error: https://edu.vvsu.ru/my/, line 562: TypeError: document.body.querySelector(...) is null
JavaScript error: https://edu.vvsu.ru/my/, line 562: TypeError: document.body.querySelector(...) is null
JavaScript error: https://edu.vvsu.ru/my/, line 562: TypeError: document.body.querySelector(...) is null
JavaScript error: https://edu.vvsu.ru/lib/javascript.php/1588279842/lib/requirejs/require.min.js, line 1: Error: Script error for "core/first"
http://requirejs.org/docs/errors.html#scripterror
JavaScript error: https://edu.vvsu.ru/lib/javascript.php/1588279842/lib/requirejs/require.min.js, line 1: Error: Script error for "core/event"
http://requirejs.org/docs/errors.html#scripterror
JavaScript error: https://edu.vvsu.ru/my/, line 562: TypeError: document.body.querySelector(...) is null
JavaScript error: https://edu.vvsu.ru/my/, line 562: TypeError: document.body.querySelector(...) is null
1588345402971	Marionette	INFO	Stopped listening on port 63324

###!!! [Child][RunMessage] Error: Channel closing: too late to send/recv, messages will be lost


###!!! [Child][MessageChannel::SendAndWait] Error: Channel error: cannot send/recv

1588345432696	mozrunner::runner	INFO	Running command: "C:\\Program Files\\Mozilla Firefox\\firefox.exe" "-marionette" "-foreground" "-no-remote" "-profile" "C:\\Users\\Zheka\\AppData\\Local\\Temp\\rust_mozprofileT0mqv7"
1588345433073	addons.webextension.doh-rollout@mozilla.org	WARN	Loading extension 'doh-rollout@mozilla.org': Reading manifest: Invalid extension permission: networkStatus
1588345433508	addons.webextension.screenshots@mozilla.org	WARN	Loading extension 'screenshots@mozilla.org': Reading manifest: Invalid extension permission: mozillaAddons
1588345433508	addons.webextension.screenshots@mozilla.org	WARN	Loading extension 'screenshots@mozilla.org': Reading manifest: Invalid extension permission: telemetry
1588345433508	addons.webextension.screenshots@mozilla.org	WARN	Loading extension 'screenshots@mozilla.org': Reading manifest: Invalid extension permission: resource://pdf.js/
1588345433508	addons.webextension.screenshots@mozilla.org	WARN	Loading extension 'screenshots@mozilla.org': Reading manifest: Invalid extension permission: about:reader*
JavaScript error: resource://gre/modules/XULStore.jsm, line 66: Error: Can't find profile directory.
1588345435079	Marionette	INFO	Listening on port 63426
1588345435309	Marionette	WARN	TLS certificate errors will be ignored for this session
JavaScript error: https://edu.vvsu.ru/my/, line 562: TypeError: document.body.querySelector(...) is null
1588345498240	Marionette	INFO	Stopped listening on port 63426

###!!! [Child][RunMessage] Error: Channel closing: too late to send/recv, messages will be lost


###!!! [Child][MessageChannel::SendAndWait] Error: Channel error: cannot send/recv

n.doh-rollout@mozilla.org	WARN	Loading extension 'doh-rollout@mozilla.org': Reading manifest: Invalid extension permission: networkStatus
1588345498496	addons.webextension.screenshots@mozilla.org	WARN	Loading extension 'screenshots@mozilla.org': Reading manifest: Invalid extension permission: mozillaAddons
1588345498496	addons.webextension.screenshots@mozilla.org	WARN	Loading extension 'screenshots@mozilla.org': Reading manifest: Invalid extension permission: telemetry
1588345498496	addons.webextension.screenshots@mozilla.org	WARN	Loading extension 'screenshots@mozilla.org': Reading manifest: Invalid extension permission: resource://pdf.js/
1588345498496	addons.webextension.screenshots@mozilla.org	WARN	Loading extension 'screenshots@mozilla.org': Reading manifest: Invalid extension permission: about:reader*
JavaScript error: resource://gre/modules/XULStore.jsm, line 66: Error: Can't find profile directory.
1588345500093	Marionette	INFO	Listening on port 63489
1588345500212	Marionette	WARN	TLS certificate errors will be ignored for this session
JavaScript error: https://edu.vvsu.ru/my/, line 562: TypeError: document.body.querySelector(...) is null
1588345580194	Marionette	INFO	Stopped listening on port 63489

###!!! [Child][RunMessage] Error: Channel closing: too late to send/recv, messages will be lost


###!!! [Child][MessageChannel::SendAndWait] Error: Channel error: cannot send/recv

n.doh-rollout@mozilla.org	WARN	Loading extension 'doh-rollout@mozilla.org': Reading manifest: Invalid extension permission: networkStatus
1588345576371	addons.webextension.screenshots@mozilla.org	WARN	Loading extension 'screenshots@mozilla.org': Reading manifest: Invalid extension permission: mozillaAddons
1588345576372	addons.webextension.screenshots@mozilla.org	WARN	Loading extension 'screenshots@mozilla.org': Reading manifest: Invalid extension permission: telemetry
1588345576372	addons.webextension.screenshots@mozilla.org	WARN	Loading extension 'screenshots@mozilla.org': Reading manifest: Invalid extension permission: resource://pdf.js/
1588345576372	addons.webextension.screenshots@mozilla.org	WARN	Loading extension 'screenshots@mozilla.org': Reading manifest: Invalid extension permission: about:reader*
JavaScript error: resource://gre/modules/XULStore.jsm, line 66: Error: Can't find profile directory.
1588345578083	Marionette	INFO	Listening on port 63552
1588345578176	Marionette	WARN	TLS certificate errors will be ignored for this session
JavaScript error: https://edu.vvsu.ru/my/, line 562: TypeError: document.body.querySelector(...) is null
1588345637018	Marionette	INFO	Stopped listening on port 63552

###!!! [Child][RunMessage] Error: Channel closing: too late to send/recv, messages will be lost


###!!! [Child][MessageChannel::SendAndWait] Error: Channel error: cannot send/recv

1588345865645	mozrunner::runner	INFO	Running command: "C:\\Program Files\\Mozilla Firefox\\firefox.exe" "-marionette" "-foreground" "-no-remote" "-profile" "C:\\Users\\Zheka\\AppData\\Local\\Temp\\rust_mozprofileVIOjTF"
1588345866084	addons.webextension.doh-rollout@mozilla.org	WARN	Loading extension 'doh-rollout@mozilla.org': Reading manifest: Invalid extension permission: networkStatus
1588345866634	addons.webextension.screenshots@mozilla.org	WARN	Loading extension 'screenshots@mozilla.org': Reading manifest: Invalid extension permission: mozillaAddons
1588345866635	addons.webextension.screenshots@mozilla.org	WARN	Loading extension 'screenshots@mozilla.org': Reading manifest: Invalid extension permission: telemetry
1588345866635	addons.webextension.screenshots@mozilla.org	WARN	Loading extension 'screenshots@mozilla.org': Reading manifest: Invalid extension permission: resource://pdf.js/
1588345866635	addons.webextension.screenshots@mozilla.org	WARN	Loading extension 'screenshots@mozilla.org': Reading manifest: Invalid extension permission: about:reader*
JavaScript error: resource://gre/modules/XULStore.jsm, line 66: Error: Can't find profile directory.
1588345868670	Marionette	INFO	Listening on port 51177
1588345868760	Marionette	WARN	TLS certificate errors will be ignored for this session
JavaScript error: https://edu.vvsu.ru/my/, line 562: TypeError: document.body.querySelector(...) is null
JavaScript error: https://edu.vvsu.ru/lib/javascript.php/1588279842/lib/requirejs/require.min.js, line 1: Error: Script error for "core/first"
http://requirejs.org/docs/errors.html#scripterror
JavaScript error: https://edu.vvsu.ru/lib/javascript.php/1588279842/lib/requirejs/require.min.js, line 1: Error: Script error for "core/event"
http://requirejs.org/docs/errors.html#scripterror
JavaScript error: https://edu.vvsu.ru/lib/javascript.php/1588279842/lib/requirejs/require.min.js, line 1: Error: Script error for "core/first"
http://requirejs.org/docs/errors.html#scripterror
JavaScript error: https://edu.vvsu.ru/lib/javascript.php/1588279842/lib/requirejs/require.min.js, line 1: Error: Script error for "core/event"
http://requirejs.org/docs/errors.html#scripterror
JavaScript error: https://edu.vvsu.ru/lib/javascript.php/1588279842/lib/requirejs/require.min.js, line 1: Error: Script error for "core/first"
http://requirejs.org/docs/errors.html#scripterror
JavaScript error: https://edu.vvsu.ru/lib/javascript.php/1588279842/lib/requirejs/require.min.js, line 1: Error: Script error for "core/event"
http://requirejs.org/docs/errors.html#scripterror
[Child 11028, Chrome_ChildThread] WARNING: pipe error: 232: file Z:/task_1585933993/build/src/ipc/chromium/src/chrome/common/ipc_channel_win.cc, line 514
1588345906258	Marionette	INFO	Stopped listening on port 51177

###!!! [Child][RunMessage] Error: Channel closing: too late to send/recv, messages will be lost


###!!! [Child][MessageChannel::SendAndWait] Error: Channel error: cannot send/recv

1588346191808	mozrunner::runner	INFO	Running command: "C:\\Program Files\\Mozilla Firefox\\firefox.exe" "-marionette" "-foreground" "-no-remote" "-profile" "C:\\Users\\Zheka\\AppData\\Local\\Temp\\rust_mozprofilevJ7Xbu"
1588346192197	addons.webextension.doh-rollout@mozilla.org	WARN	Loading extension 'doh-rollout@mozilla.org': Reading manifest: Invalid extension permission: networkStatus
1588346192643	addons.webextension.screenshots@mozilla.org	WARN	Loading extension 'screenshots@mozilla.org': Reading manifest: Invalid extension permission: mozillaAddons
1588346192643	addons.webextension.screenshots@mozilla.org	WARN	Loading extension 'screenshots@mozilla.org': Reading manifest: Invalid extension permission: telemetry
1588346192643	addons.webextension.screenshots@mozilla.org	WARN	Loading extension 'screenshots@mozilla.org': Reading manifest: Invalid extension permission: resource://pdf.js/
1588346192643	addons.webextension.screenshots@mozilla.org	WARN	Loading extension 'screenshots@mozilla.org': Reading manifest: Invalid extension permission: about:reader*
JavaScript error: resource://gre/modules/XULStore.jsm, line 66: Error: Can't find profile directory.
1588346194241	Marionette	INFO	Listening on port 51728
1588346194423	Marionette	WARN	TLS certificate errors will be ignored for this session
JavaScript error: https://edu.vvsu.ru/my/, line 562: TypeError: document.body.querySelector(...) is null
1588346230979	Marionette	INFO	Stopped listening on port 51728

###!!! [Child][RunMessage] Error: Channel closing: too late to send/recv, messages will be lost


###!!! [Child][MessageChannel::SendAndWait] Error: Channel error: cannot send/recv

1588379062633	mozrunner::runner	INFO	Running command: "C:\\Program Files\\Mozilla Firefox\\firefox.exe" "-marionette" "-foreground" "-no-remote" "-profile" "C:\\Users\\Zheka\\AppData\\Local\\Temp\\rust_mozprofilemhzOS6"
1588379064036	addons.webextension.doh-rollout@mozilla.org	WARN	Loading extension 'doh-rollout@mozilla.org': Reading manifest: Invalid extension permission: networkStatus
1588379064507	addons.webextension.screenshots@mozilla.org	WARN	Loading extension 'screenshots@mozilla.org': Reading manifest: Invalid extension permission: mozillaAddons
1588379064507	addons.webextension.screenshots@mozilla.org	WARN	Loading extension 'screenshots@mozilla.org': Reading manifest: Invalid extension permission: telemetry
1588379064507	addons.webextension.screenshots@mozilla.org	WARN	Loading extension 'screenshots@mozilla.org': Reading manifest: Invalid extension permission: resource://pdf.js/
1588379064507	addons.webextension.screenshots@mozilla.org	WARN	Loading extension 'screenshots@mozilla.org': Reading manifest: Invalid extension permission: about:reader*
JavaScript error: resource://gre/modules/XULStore.jsm, line 66: Error: Can't find profile directory.
1588379066694	Marionette	INFO	Listening on port 52147
1588379066750	Marionette	WARN	TLS certificate errors will be ignored for this session
JavaScript error: https://edu.vvsu.ru/my/, line 562: TypeError: document.body.querySelector(...) is null
1588389731968	mozrunner::runner	INFO	Running command: "C:\\Program Files\\Mozilla Firefox\\firefox.exe" "-marionette" "-foreground" "-no-remote" "-profile" "C:\\Users\\Zheka\\AppData\\Local\\Temp\\rust_mozprofile4yCL4v"
1588389733784	addons.webextension.doh-rollout@mozilla.org	WARN	Loading extension 'doh-rollout@mozilla.org': Reading manifest: Invalid extension permission: networkStatus
1588389734352	addons.webextension.screenshots@mozilla.org	WARN	Loading extension 'screenshots@mozilla.org': Reading manifest: Invalid extension permission: mozillaAddons
1588389734352	addons.webextension.screenshots@mozilla.org	WARN	Loading extension 'screenshots@mozilla.org': Reading manifest: Invalid extension permission: telemetry
1588389734353	addons.webextension.screenshots@mozilla.org	WARN	Loading extension 'screenshots@mozilla.org': Reading manifest: Invalid extension permission: resource://pdf.js/
1588389734353	addons.webextension.screenshots@mozilla.org	WARN	Loading extension 'screenshots@mozilla.org': Reading manifest: Invalid extension permission: about:reader*
JavaScript error: resource://gre/modules/XULStore.jsm, line 66: Error: Can't find profile directory.
1588389736483	Marionette	INFO	Listening on port 54018
1588389736734	Marionette	WARN	TLS certificate errors will be ignored for this session
JavaScript error: https://edu.vvsu.ru/my/, line 562: TypeError: document.body.querySelector(...) is null
1588395801426	Marionette	INFO	Stopped listening on port 54018

###!!! [Child][RunMessage] Error: Channel closing: too late to send/recv, messages will be lost


###!!! [Child][MessageChannel::SendAndWait] Error: Channel error: cannot send/recv

